<?xml version="1.0" encoding="UTF-8"?>
<testsuite xmlns:xsi="http://www.w3.org/2001/XMLSchema-instance" xsi:noNamespaceSchemaLocation="https://maven.apache.org/surefire/maven-surefire-plugin/xsd/surefire-test-report-3.0.xsd" version="3.0" name="com.a69v.productionapp.ProductionAppApplicationTest" time="0.116" tests="2" errors="0" skipped="0" failures="0">
  <properties>
[...]
</properties>
  <testcase name="testApplicationRuns" classname="com.a69v.productionapp.ProductionAppApplicationTest" time="0.091"/>
  <testcase name="testMainMethod" classname="com.a69v.productionapp.ProductionAppApplicationTest" time="0.005">
    <system-out><![CDATA[07:39:13.651 [main] INFO com.a69v.productionapp.ProductionAppApplication -- Starting Production Trading Application...
07:39:13.652 [main] INFO com.a69v.productionapp.ProductionAppApplication -- Production Trading Application is running
]]></system-out>
  </testcase>
</testsuite>